1972_S_o_Paulo_FC_season_0.pcm
1984_European_Athletics_Indoor_Championships_2.pcm
1984_NCAA_Division_I_Women_s_Volleyball_Tournament_0.pcm
Shimokita_District__Aomori_0.pcm
Shipwrecked__The_Island_1.pcm
Shirley_Davidson_0.pcm
Shontayne_Hape_0.pcm
Shorty_Green_0.pcm
Shreya_Ghoshal_discography_1.pcm
Shuttle-UM_2.pcm
Siamese_method_10.pcm
Sibby_Nichols_0.pcm
Sidney_Crosby_0.pcm
Sidoine_Oussou_0.pcm
Sid_Abel_0.pcm
Sid_Smith__ice_hockey__0.pcm
Siebenb_rgenlied_0.pcm
Signal_Hill-Quidi_Vidi_2.pcm
Signature_Team_0.pcm
Siim_Liivik_0.pcm
Siim_Luts_0.pcm
SilkAir_1.pcm
Silvio_Moser_Racing_Team_0.pcm
Simen_Kind_Mikalsen_0.pcm
Simen_M_ller_0.pcm
Simen_Nordermoen_0.pcm
Simeon_I_of_Bulgaria_0.pcm
Simona_de_Silvestro_3.pcm
Simon_Andrews__motorcycle_racer__2.pcm
Simon_Bertilsson_0.pcm
Simon_Despr_s_0.pcm
Simon_Gagn__0.pcm
Simon_Gysbers_0.pcm
Simon_Larsen_0.pcm
Simon_Markeng_0.pcm
Simon_Nolet_0.pcm
Simon_Pagenaud_4.pcm
Si_Griffis_0.pcm